<?xml version="1.0" encoding="UTF-8"?>
<!-- Generated by org.testng.reporters.JUnitXMLReporter -->
<testsuite ignored="0" hostname="Nishant" failures="1" tests="1" name="Org. Registration Using Mobile Number Test" time="541.076" errors="0" timestamp="09 Oct 2023 08:01:14 GMT">
  <testcase classname="YUVA.tests.OrgRegistrationUsingMobileNumberTest" name="registerAsGovtOrg" time="517.538">
    <failure type="org.openqa.selenium.TimeoutException" message="Expected condition failed: waiting for YUVA.AbstractComponents.AbstractComponent$1@b267745 (tried for 500 second(s) with 500 milliseconds interval)
Build info: version: &amp;apos;4.12.1&amp;apos;, revision: &amp;apos;8e34639b11&amp;apos;
System info: os.name: &amp;apos;Windows 11&amp;apos;, os.arch: &amp;apos;amd64&amp;apos;, os.version: &amp;apos;10.0&amp;apos;, java.version: &amp;apos;19.0.1&amp;apos;
Driver info: org.openqa.selenium.chrome.ChromeDriver
Capabilities {acceptInsecureCerts: false, browserName: chrome, browserVersion: 117.0.5938.149, chrome: {chromedriverVersion: 117.0.5938.149 (e3344ddefa1..., userDataDir: C:\Users\nisha\AppData\Loca...}, fedcm:accounts: true, goog:chromeOptions: {debuggerAddress: localhost:50974}, networkConnectionEnabled: false, pageLoadStrategy: normal, platformName: windows, proxy: Proxy(), se:cdp: ws://localhost:50974/devtoo..., se:cdpVersion: 117.0.5938.149, setWindowRect: true, strictFileInteractability: false, timeouts: {implicit: 0, pageLoad: 300000, script: 30000}, unhandledPromptBehavior: dismiss and notify, webauthn:extension:credBlob: true, webauthn:extension:largeBlob: true, webauthn:extension:minPinLength: true, webauthn:extension:prf: true, webauthn:virtualAuthenticators: true}
Session ID: bc28d0f71c15485674577158de7a3708">
      <![CDATA[org.openqa.selenium.TimeoutException: Expected condition failed: waiting for YUVA.AbstractComponents.AbstractComponent$1@b267745 (tried for 500 second(s) with 500 milliseconds interval)
Build info: version: '4.12.1', revision: '8e34639b11'
System info: os.name: 'Windows 11', os.arch: 'amd64', os.version: '10.0', java.version: '19.0.1'
Driver info: org.openqa.selenium.chrome.ChromeDriver
Capabilities {acceptInsecureCerts: false, browserName: chrome, browserVersion: 117.0.5938.149, chrome: {chromedriverVersion: 117.0.5938.149 (e3344ddefa1..., userDataDir: C:\Users\nisha\AppData\Loca...}, fedcm:accounts: true, goog:chromeOptions: {debuggerAddress: localhost:50974}, networkConnectionEnabled: false, pageLoadStrategy: normal, platformName: windows, proxy: Proxy(), se:cdp: ws://localhost:50974/devtoo..., se:cdpVersion: 117.0.5938.149, setWindowRect: true, strictFileInteractability: false, timeouts: {implicit: 0, pageLoad: 300000, script: 30000}, unhandledPromptBehavior: dismiss and notify, webauthn:extension:credBlob: true, webauthn:extension:largeBlob: true, webauthn:extension:minPinLength: true, webauthn:extension:prf: true, webauthn:virtualAuthenticators: true}
Session ID: bc28d0f71c15485674577158de7a3708
at org.openqa.selenium.support.ui.WebDriverWait.timeoutException(WebDriverWait.java:84)
at org.openqa.selenium.support.ui.FluentWait.until(FluentWait.java:230)
at YUVA.AbstractComponents.AbstractComponent.waitForOTP(AbstractComponent.java:40)
at YUVA.pageobjects.register_registerAsPartnerWithMobileNo.AsPartnerUsingPhone(register_registerAsPartnerWithMobileNo.java:56)
at YUVA.tests.OrgRegistrationUsingMobileNumberTest.registerAsGovtOrg(OrgRegistrationUsingMobileNumberTest.java:36)
... Removed 23 stack frames]]>
    </failure>
  </testcase> <!-- registerAsGovtOrg -->
</testsuite> <!-- Org. Registration Using Mobile Number Test -->
