<?xml version="1.0" encoding="UTF-8"?>
<!-- Generated by org.testng.reporters.JUnitXMLReporter -->
<testsuite ignored="0" hostname="Nishant" failures="0" tests="2" name="Org Creation And Level Creation" time="0.131" errors="0" timestamp="11 Oct 2023 16:32:50 GMT">
  <testcase classname="YUVA.TestComponents.BaseTest" name="@BeforeMethod launchApplication" time="0.015">
    <failure type="java.lang.Error" message="Unresolved compilation problem: 
	Duplicate local variable browserName
">
      <![CDATA[java.lang.Error: Unresolved compilation problem: 
Duplicate local variable browserName

at YUVA.TestComponents.BaseTest.initializeDriver(BaseTest.java:37)
at YUVA.TestComponents.BaseTest.launchApplication(BaseTest.java:74)
... Removed 30 stack frames]]>
    </failure>
  </testcase> <!-- @BeforeMethod launchApplication -->
  <testcase classname="YUVA.TestComponents.BaseTest" name="@AfterMethod tearDown" time="0.006">
    <failure type="java.lang.NullPointerException" message="Cannot invoke &amp;quot;org.openqa.selenium.WebDriver.close()&amp;quot; because &amp;quot;this.driver&amp;quot; is null">
      <![CDATA[java.lang.NullPointerException: Cannot invoke "org.openqa.selenium.WebDriver.close()" because "this.driver" is null
at YUVA.TestComponents.BaseTest.tearDown(BaseTest.java:83)
... Removed 30 stack frames]]>
    </failure>
  </testcase> <!-- @AfterMethod tearDown -->
  <testcase classname="YUVA.tests.OrgCreationAndLevelCreationByNodalOfficerTest" name="policeOrgCreation" time="0.0">
    <skipped/>
  </testcase> <!-- policeOrgCreation -->
  <testcase classname="YUVA.tests.OrgCreationAndLevelCreationByNodalOfficerTest" name="levelCreation" time="0.0">
    <skipped/>
  </testcase> <!-- levelCreation -->
</testsuite> <!-- Org Creation And Level Creation -->
