<!DOCTYPE html PUBLIC "-//W3C//DTD XHTML 1.1//EN" "http://www.w3.org/TR/xhtml11/DTD/xhtml11.dtd">
<html xmlns="http://www.w3.org/1999/xhtml">
<head>
<meta http-equiv="content-type" content="text/html; charset=UTF-8"/>
<title>TestNG Report</title>
<style type="text/css">table {margin-bottom:10px;border-collapse:collapse;empty-cells:show}th,td {border:1px solid #009;padding:.25em .5em}th {vertical-align:bottom}td {vertical-align:top}table a {font-weight:bold}.stripe td {background-color: #E6EBF9}.num {text-align:right}.passedodd td {background-color: #3F3}.passedeven td {background-color: #0A0}.skippedodd td {background-color: #DDD}.skippedeven td {background-color: #CCC}.failedodd td,.attn {background-color: #F33}.failedeven td,.stripe .attn {background-color: #D00}.stacktrace {white-space:pre;font-family:monospace}.totop {font-size:85%;text-align:center;border-bottom:2px solid #000}.invisible {display:none}</style>
</head>
<body>
<table>
<tr><th>Test</th><th># Passed</th><th># Skipped</th><th># Failed</th><th>Time (ms)</th><th>Included Groups</th><th>Excluded Groups</th></tr>
<tr><th colspan="7">Suite</th></tr>
<tr><td><a href="#t0">Org Creation And Level Creation</a></td><td class="num">0</td><td class="num attn">2</td><td class="num">0</td><td class="num">131</td><td></td><td></td></tr>
<tr class="stripe"><td><a href="#t1">Partner Registration And Verification And ELO Creation</a></td><td class="num">0</td><td class="num attn">3</td><td class="num">0</td><td class="num">19</td><td></td><td></td></tr>
<tr><td><a href="#t2">Youth Registration Using Mobile Number Test</a></td><td class="num">0</td><td class="num attn">1</td><td class="num">0</td><td class="num">7</td><td></td><td></td></tr>
<tr><th>Total</th><th class="num">0</th><th class="num attn">6</th><th class="num">0</th><th class="num">157</th><th colspan="2"></th></tr>
</table>
<table id='summary'><thead><tr><th>Class</th><th>Method</th><th>Start</th><th>Time (ms)</th></tr></thead><tbody><tr><th colspan="4">Suite</th></tr></tbody><tbody id="t0"><tr><th colspan="4">Org Creation And Level Creation &#8212; failed (configuration methods)</th></tr><tr class="failedeven"><td rowspan="2">YUVA.tests.OrgCreationAndLevelCreationByNodalOfficerTest</td><td><a href="#m0">launchApplication</a></td><td rowspan="1">1697041970180</td><td rowspan="1">15</td></tr><tr class="failedeven"><td><a href="#m1">tearDown</a></td><td rowspan="1">1697041970214</td><td rowspan="1">6</td></tr><tr><th colspan="4">Org Creation And Level Creation &#8212; skipped</th></tr><tr class="skippedeven"><td rowspan="2">YUVA.tests.OrgCreationAndLevelCreationByNodalOfficerTest</td><td><a href="#m2">levelCreation</a></td><td rowspan="1">1697041970228</td><td rowspan="1">0</td></tr><tr class="skippedeven"><td><a href="#m3">policeOrgCreation</a></td><td rowspan="1">1697041970213</td><td rowspan="1">0</td></tr></tbody>
<tbody id="t1"><tr><th colspan="4">Partner Registration And Verification And ELO Creation &#8212; failed (configuration methods)</th></tr><tr class="failedeven"><td rowspan="6">YUVA.tests.PartnerRegistrationAndVerificationAndELOCreation</td><td><a href="#m4">launchApplication</a></td><td rowspan="3">1697041971114</td><td rowspan="3">0</td></tr><tr class="failedeven"><td><a href="#m5">launchApplication</a></td></tr><tr class="failedeven"><td><a href="#m6">launchApplication</a></td></tr><tr class="failedeven"><td><a href="#m7">tearDown</a></td><td rowspan="3">1697041971118</td><td rowspan="3">0</td></tr><tr class="failedeven"><td><a href="#m8">tearDown</a></td></tr><tr class="failedeven"><td><a href="#m9">tearDown</a></td></tr><tr><th colspan="4">Partner Registration And Verification And ELO Creation &#8212; skipped</th></tr><tr class="skippedeven"><td rowspan="3">YUVA.tests.PartnerRegistrationAndVerificationAndELOCreation</td><td><a href="#m10">ELOcreate</a></td><td rowspan="1">1697041971115</td><td rowspan="1">0</td></tr><tr class="skippedeven"><td><a href="#m11">partnerVerification</a></td><td rowspan="1">1697041971108</td><td rowspan="1">0</td></tr><tr class="skippedeven"><td><a href="#m12">registerAsGovtOrg</a></td><td rowspan="1">1697041971103</td><td rowspan="1">0</td></tr></tbody>
<tbody id="t2"><tr><th colspan="4">Youth Registration Using Mobile Number Test &#8212; failed (configuration methods)</th></tr><tr class="failedeven"><td rowspan="2">YUVA.tests.YouthRegistrationUsingMobileNumberTest</td><td><a href="#m13">launchApplication</a></td><td rowspan="1">1697041971166</td><td rowspan="1">1</td></tr><tr class="failedeven"><td><a href="#m14">tearDown</a></td><td rowspan="1">1697041971168</td><td rowspan="1">1</td></tr><tr><th colspan="4">Youth Registration Using Mobile Number Test &#8212; skipped</th></tr><tr class="skippedeven"><td rowspan="1">YUVA.tests.YouthRegistrationUsingMobileNumberTest</td><td><a href="#m15">registerAsyouth</a></td><td rowspan="1">1697041971168</td><td rowspan="1">0</td></tr></tbody>
</table>
<h2>Org Creation And Level Creation</h2><h3 id="m0">YUVA.tests.OrgCreationAndLevelCreationByNodalOfficerTest#launchApplication</h3><table class="result"><tr><th>Exception</th></tr><tr><td><div class="stacktrace">java.lang.Error: Unresolved compilation problem: 
	Duplicate local variable browserName

	at YUVA.TestComponents.BaseTest.initializeDriver(BaseTest.java:37)
	at YUVA.TestComponents.BaseTest.launchApplication(BaseTest.java:74)
... Removed 30 stack frames</div></td></tr></table><p class="totop"><a href="#summary">back to summary</a></p>
<h3 id="m1">YUVA.tests.OrgCreationAndLevelCreationByNodalOfficerTest#tearDown</h3><table class="result"><tr><th>Exception</th></tr><tr><td><div class="stacktrace">java.lang.NullPointerException: Cannot invoke &quot;org.openqa.selenium.WebDriver.close()&quot; because &quot;this.driver&quot; is null
	at YUVA.TestComponents.BaseTest.tearDown(BaseTest.java:83)
... Removed 30 stack frames</div></td></tr></table><p class="totop"><a href="#summary">back to summary</a></p>
<h3 id="m2">YUVA.tests.OrgCreationAndLevelCreationByNodalOfficerTest#levelCreation</h3><table class="result"><tr><th>Exception</th></tr><tr><td><div class="stacktrace">java.lang.Throwable: Method OrgCreationAndLevelCreationByNodalOfficerTest.levelCreation(java.lang.String, java.lang.String)[pri:2, instance:YUVA.tests.OrgCreationAndLevelCreationByNodalOfficerTest@46944ca9] depends on not successfully finished methods
... Removed 22 stack frames</div></td></tr></table><p class="totop"><a href="#summary">back to summary</a></p>
<h3 id="m3">YUVA.tests.OrgCreationAndLevelCreationByNodalOfficerTest#policeOrgCreation</h3><table class="result"><tr><th>Exception</th></tr><tr><td><div class="stacktrace">java.lang.Error: Unresolved compilation problem: 
	Duplicate local variable browserName

	at YUVA.TestComponents.BaseTest.initializeDriver(BaseTest.java:37)
	at YUVA.TestComponents.BaseTest.launchApplication(BaseTest.java:74)
... Removed 30 stack frames</div></td></tr></table><p class="totop"><a href="#summary">back to summary</a></p>
<h2>Partner Registration And Verification And ELO Creation</h2><h3 id="m4">YUVA.tests.PartnerRegistrationAndVerificationAndELOCreation#launchApplication</h3><table class="result"><tr><th>Exception</th></tr><tr><td><div class="stacktrace">java.lang.Error: Unresolved compilation problem: 
	Duplicate local variable browserName

	at YUVA.TestComponents.BaseTest.initializeDriver(BaseTest.java:37)
	at YUVA.TestComponents.BaseTest.launchApplication(BaseTest.java:74)
... Removed 30 stack frames</div></td></tr></table><p class="totop"><a href="#summary">back to summary</a></p>
<h3 id="m5">YUVA.tests.PartnerRegistrationAndVerificationAndELOCreation#launchApplication</h3><table class="result"><tr><th>Exception</th></tr><tr><td><div class="stacktrace">java.lang.Error: Unresolved compilation problem: 
	Duplicate local variable browserName

	at YUVA.TestComponents.BaseTest.initializeDriver(BaseTest.java:37)
	at YUVA.TestComponents.BaseTest.launchApplication(BaseTest.java:74)
... Removed 30 stack frames</div></td></tr></table><p class="totop"><a href="#summary">back to summary</a></p>
<h3 id="m6">YUVA.tests.PartnerRegistrationAndVerificationAndELOCreation#launchApplication</h3><table class="result"><tr><th>Exception</th></tr><tr><td><div class="stacktrace">java.lang.Error: Unresolved compilation problem: 
	Duplicate local variable browserName

	at YUVA.TestComponents.BaseTest.initializeDriver(BaseTest.java:37)
	at YUVA.TestComponents.BaseTest.launchApplication(BaseTest.java:74)
... Removed 30 stack frames</div></td></tr></table><p class="totop"><a href="#summary">back to summary</a></p>
<h3 id="m7">YUVA.tests.PartnerRegistrationAndVerificationAndELOCreation#tearDown</h3><table class="result"><tr><th>Exception</th></tr><tr><td><div class="stacktrace">java.lang.NullPointerException: Cannot invoke &quot;org.openqa.selenium.WebDriver.close()&quot; because &quot;this.driver&quot; is null
	at YUVA.TestComponents.BaseTest.tearDown(BaseTest.java:83)
... Removed 30 stack frames</div></td></tr></table><p class="totop"><a href="#summary">back to summary</a></p>
<h3 id="m8">YUVA.tests.PartnerRegistrationAndVerificationAndELOCreation#tearDown</h3><table class="result"><tr><th>Exception</th></tr><tr><td><div class="stacktrace">java.lang.NullPointerException: Cannot invoke &quot;org.openqa.selenium.WebDriver.close()&quot; because &quot;this.driver&quot; is null
	at YUVA.TestComponents.BaseTest.tearDown(BaseTest.java:83)
... Removed 30 stack frames</div></td></tr></table><p class="totop"><a href="#summary">back to summary</a></p>
<h3 id="m9">YUVA.tests.PartnerRegistrationAndVerificationAndELOCreation#tearDown</h3><table class="result"><tr><th>Exception</th></tr><tr><td><div class="stacktrace">java.lang.NullPointerException: Cannot invoke &quot;org.openqa.selenium.WebDriver.close()&quot; because &quot;this.driver&quot; is null
	at YUVA.TestComponents.BaseTest.tearDown(BaseTest.java:83)
... Removed 30 stack frames</div></td></tr></table><p class="totop"><a href="#summary">back to summary</a></p>
<h3 id="m10">YUVA.tests.PartnerRegistrationAndVerificationAndELOCreation#ELOcreate</h3><table class="result"><tr><th>Exception</th></tr><tr><td><div class="stacktrace">java.lang.Error: Unresolved compilation problem: 
	Duplicate local variable browserName

	at YUVA.TestComponents.BaseTest.initializeDriver(BaseTest.java:37)
	at YUVA.TestComponents.BaseTest.launchApplication(BaseTest.java:74)
... Removed 30 stack frames</div></td></tr></table><p class="totop"><a href="#summary">back to summary</a></p>
<h3 id="m11">YUVA.tests.PartnerRegistrationAndVerificationAndELOCreation#partnerVerification</h3><table class="result"><tr><th>Exception</th></tr><tr><td><div class="stacktrace">java.lang.Error: Unresolved compilation problem: 
	Duplicate local variable browserName

	at YUVA.TestComponents.BaseTest.initializeDriver(BaseTest.java:37)
	at YUVA.TestComponents.BaseTest.launchApplication(BaseTest.java:74)
... Removed 30 stack frames</div></td></tr></table><p class="totop"><a href="#summary">back to summary</a></p>
<h3 id="m12">YUVA.tests.PartnerRegistrationAndVerificationAndELOCreation#registerAsGovtOrg</h3><table class="result"><tr><th>Exception</th></tr><tr><td><div class="stacktrace">java.lang.Error: Unresolved compilation problem: 
	Duplicate local variable browserName

	at YUVA.TestComponents.BaseTest.initializeDriver(BaseTest.java:37)
	at YUVA.TestComponents.BaseTest.launchApplication(BaseTest.java:74)
... Removed 30 stack frames</div></td></tr></table><p class="totop"><a href="#summary">back to summary</a></p>
<h2>Youth Registration Using Mobile Number Test</h2><h3 id="m13">YUVA.tests.YouthRegistrationUsingMobileNumberTest#launchApplication</h3><table class="result"><tr><th>Exception</th></tr><tr><td><div class="stacktrace">java.lang.Error: Unresolved compilation problem: 
	Duplicate local variable browserName

	at YUVA.TestComponents.BaseTest.initializeDriver(BaseTest.java:37)
	at YUVA.TestComponents.BaseTest.launchApplication(BaseTest.java:74)
... Removed 30 stack frames</div></td></tr></table><p class="totop"><a href="#summary">back to summary</a></p>
<h3 id="m14">YUVA.tests.YouthRegistrationUsingMobileNumberTest#tearDown</h3><table class="result"><tr><th>Exception</th></tr><tr><td><div class="stacktrace">java.lang.NullPointerException: Cannot invoke &quot;org.openqa.selenium.WebDriver.close()&quot; because &quot;this.driver&quot; is null
	at YUVA.TestComponents.BaseTest.tearDown(BaseTest.java:83)
... Removed 30 stack frames</div></td></tr></table><p class="totop"><a href="#summary">back to summary</a></p>
<h3 id="m15">YUVA.tests.YouthRegistrationUsingMobileNumberTest#registerAsyouth</h3><table class="result"><tr><th>Exception</th></tr><tr><td><div class="stacktrace">java.lang.Error: Unresolved compilation problem: 
	Duplicate local variable browserName

	at YUVA.TestComponents.BaseTest.initializeDriver(BaseTest.java:37)
	at YUVA.TestComponents.BaseTest.launchApplication(BaseTest.java:74)
... Removed 30 stack frames</div></td></tr></table><p class="totop"><a href="#summary">back to summary</a></p>
</body>
</html>
